{
  message: '   Task is not a constructor',
  level: 'error',
  timestamp: '2020-10-28T17:11:37.346Z'
}
{
  message: '    id:d7f43059-8ef4-47b4-b08e-aaa3a184842e, url:http://localhost:4000/boards/5f99a648fee6f072456d35f4/tasks, POST, body:{"title":"Autotest task","order":0,"description":"Lorem ipsum","userId":null,"boardId":null,"columnId":null}, query params:{}, 193.666 ms\n',
  level: 'info',
  timestamp: '2020-10-28T17:11:37.368Z'
}
{
  message: '   Task is not a constructor',
  level: 'error',
  timestamp: '2020-10-28T17:11:37.755Z'
}
{
  message: '    id:c22f0c40-37a8-4cda-abc6-48f9e81842e7, url:http://localhost:4000/boards/5f99a648fee6f072456d35f4/tasks, POST, body:{"title":"Autotest task","order":0,"description":"Lorem ipsum","userId":null,"boardId":null,"columnId":null}, query params:{}, 32.370 ms\n',
  level: 'info',
  timestamp: '2020-10-28T17:11:37.758Z'
}
{
  message: '   Task is not a constructor',
  level: 'error',
  timestamp: '2020-10-28T17:13:52.361Z'
}
{
  message: '    id:021adebe-9aee-448a-baa9-2b20d3269c23, url:http://localhost:4000/boards/5f99a6d0d442c641b9485b91/tasks, POST, body:{"title":"Autotest task","order":0,"description":"Lorem ipsum","userId":null,"boardId":null,"columnId":null}, query params:{}, 76.523 ms\n',
  level: 'info',
  timestamp: '2020-10-28T17:13:52.382Z'
}
{
  message: '   Task is not a constructor',
  level: 'error',
  timestamp: '2020-10-28T17:13:52.789Z'
}
{
  message: '    id:ffe42269-a3cf-454d-b8a0-c513c7817929, url:http://localhost:4000/boards/5f99a6d0d442c641b9485b91/tasks, POST, body:{"title":"Autotest task","order":0,"description":"Lorem ipsum","userId":null,"boardId":null,"columnId":null}, query params:{}, 78.695 ms\n',
  level: 'info',
  timestamp: '2020-10-28T17:13:52.813Z'
}
{
  message: '   Task is not a constructor',
  level: 'error',
  timestamp: '2020-10-28T17:13:52.928Z'
}
{
  message: '    id:f4c339a0-001d-425a-9e35-bad73c614524, url:http://localhost:4000/boards/5f99a6d0d442c641b9485b91/tasks, POST, body:{"title":"Autotest task","order":0,"description":"Lorem ipsum","userId":null,"boardId":null,"columnId":null}, query params:{}, 99.451 ms\n',
  level: 'info',
  timestamp: '2020-10-28T17:13:52.933Z'
}
{
  message: "   Couldn't find any [object Object]",
  level: 'error',
  timestamp: '2020-10-28T17:17:28.049Z'
}
{
  message: `   Couldn't find Task with: {"boardId":"5f99a71f7d5ffbe51c18442c","id":"5f99a7207d5ffbe51c18442e"}`,
  level: 'error',
  timestamp: '2020-10-28T17:17:28.051Z'
}
{
  message: '    id:017121b6-11b8-4b1c-8a02-4429abfbc268, url:http://localhost:4000/boards/5f99a71f7d5ffbe51c18442c/tasks/5f99a7207d5ffbe51c18442e, GET, body:{}, query params:{"boardId":"5f99a71f7d5ffbe51c18442c","id":"5f99a7207d5ffbe51c18442e"}, 67.441 ms\n',
  level: 'info',
  timestamp: '2020-10-28T17:17:28.074Z'
}
{
  message: "   Performing an update on the path '_id' would modify the immutable field '_id'",
  level: 'error',
  timestamp: '2020-10-28T17:17:28.417Z'
}
{
  message: '    id:0f584a37-71b7-430d-8872-86c7cfedd3e8, url:http://localhost:4000/boards/5f99a7a77a3964500954d2e7/tasks/48d889b2-7c1e-4f09-b005-4513100aab54, PUT, body:{"id":"48d889b2-7c1e-4f09-b005-4513100aab54","title":"Autotest updated task","order":0,"description":"Lorem ipsum","userId":null,"boardId":"5f99a7a77a3964500954d2e7","columnId":null}, query params:{}, 104.000 ms\n',
  level: 'info',
  timestamp: '2020-10-28T17:17:28.541Z'
}
{
  message: "   Couldn't find any [object Object]",
  level: 'error',
  timestamp: '2020-10-28T17:17:28.738Z'
}
{
  message: `   Couldn't find Task with: {"boardId":"5f99a7a77a3964500954d2e7","id":"8fabb876-d0c8-4a28-a16a-c803e85e322a"}`,
  level: 'error',
  timestamp: '2020-10-28T17:17:28.739Z'
}
{
  message: '    id:9fc9eb4f-6582-45c0-bc15-a1b811653748, url:http://localhost:4000/boards/5f99a7a77a3964500954d2e7/tasks/8fabb876-d0c8-4a28-a16a-c803e85e322a, GET, body:{}, query params:{"boardId":"5f99a7a77a3964500954d2e7","id":"8fabb876-d0c8-4a28-a16a-c803e85e322a"}, 60.746 ms\n',
  level: 'info',
  timestamp: '2020-10-28T17:17:28.752Z'
}
{
  message: "   Couldn't find any [object Object]",
  level: 'error',
  timestamp: '2020-10-28T17:17:28.778Z'
}
{
  message: `   Couldn't find Board with: {"id":"5f99a7a87a3964500954d2ed"}`,
  level: 'error',
  timestamp: '2020-10-28T17:17:28.780Z'
}
{
  message: '    id:ffc2ffe3-83c0-49f3-9144-d4a685f9803a, url:http://localhost:4000/boards/5f99a7a87a3964500954d2ed, GET, body:{}, query params:{"id":"5f99a7a87a3964500954d2ed"}, 71.622 ms\n',
  level: 'info',
  timestamp: '2020-10-28T17:17:28.784Z'
}
